\BOOKMARK [1][-]{section.1}{\376\377\000I\000n\000t\000r\000o\000d\000u\000c\000t\000i\000o\000n}{}% 1
\BOOKMARK [1][-]{section.2}{\376\377\000R\000e\000l\000a\000t\000e\000d\000\040\000W\000o\000r\000k}{}% 2
\BOOKMARK [1][-]{section.3}{\376\377\000M\000e\000t\000h\000o\000d\000s}{}% 3
\BOOKMARK [1][-]{section.4}{\376\377\000R\000e\000s\000u\000l\000t\000s}{}% 4
\BOOKMARK [1][-]{section.5}{\376\377\000D\000i\000s\000c\000u\000s\000s\000i\000o\000n}{}% 5
\BOOKMARK [1][-]{section.6}{\376\377\000S\000u\000b\000m\000i\000s\000s\000i\000o\000n\000\040\000o\000f\000\040\000p\000a\000p\000e\000r\000s\000\040\000t\000o\000\040\000N\000e\000u\000r\000I\000P\000S\000\040\0002\0000\0002\0006}{}% 6
\BOOKMARK [2][-]{subsection.6.1}{\376\377\000S\000t\000y\000l\000e}{section.6}% 7
\BOOKMARK [2][-]{subsection.6.2}{\376\377\000R\000e\000t\000r\000i\000e\000v\000a\000l\000\040\000o\000f\000\040\000s\000t\000y\000l\000e\000\040\000f\000i\000l\000e\000s}{section.6}% 8
\BOOKMARK [1][-]{section.7}{\376\377\000G\000e\000n\000e\000r\000a\000l\000\040\000f\000o\000r\000m\000a\000t\000t\000i\000n\000g\000\040\000i\000n\000s\000t\000r\000u\000c\000t\000i\000o\000n\000s}{}% 9
\BOOKMARK [1][-]{section.8}{\376\377\000H\000e\000a\000d\000i\000n\000g\000s\000:\000\040\000f\000i\000r\000s\000t\000\040\000l\000e\000v\000e\000l}{}% 10
\BOOKMARK [2][-]{subsection.8.1}{\376\377\000H\000e\000a\000d\000i\000n\000g\000s\000:\000\040\000s\000e\000c\000o\000n\000d\000\040\000l\000e\000v\000e\000l}{section.8}% 11
\BOOKMARK [3][-]{subsubsection.8.1.1}{\376\377\000H\000e\000a\000d\000i\000n\000g\000s\000:\000\040\000t\000h\000i\000r\000d\000\040\000l\000e\000v\000e\000l}{subsection.8.1}% 12
\BOOKMARK [1][-]{section.9}{\376\377\000C\000i\000t\000a\000t\000i\000o\000n\000s\000,\000\040\000f\000i\000g\000u\000r\000e\000s\000,\000\040\000t\000a\000b\000l\000e\000s\000,\000\040\000r\000e\000f\000e\000r\000e\000n\000c\000e\000s}{}% 13
\BOOKMARK [2][-]{subsection.9.1}{\376\377\000C\000i\000t\000a\000t\000i\000o\000n\000s\000\040\000w\000i\000t\000h\000i\000n\000\040\000t\000h\000e\000\040\000t\000e\000x\000t}{section.9}% 14
\BOOKMARK [2][-]{subsection.9.2}{\376\377\000F\000o\000o\000t\000n\000o\000t\000e\000s}{section.9}% 15
\BOOKMARK [2][-]{subsection.9.3}{\376\377\000F\000i\000g\000u\000r\000e\000s}{section.9}% 16
\BOOKMARK [2][-]{subsection.9.4}{\376\377\000T\000a\000b\000l\000e\000s}{section.9}% 17
\BOOKMARK [2][-]{subsection.9.5}{\376\377\000M\000a\000t\000h}{section.9}% 18
\BOOKMARK [2][-]{subsection.9.6}{\376\377\000F\000i\000n\000a\000l\000\040\000i\000n\000s\000t\000r\000u\000c\000t\000i\000o\000n\000s}{section.9}% 19
\BOOKMARK [1][-]{section.10}{\376\377\000P\000r\000e\000p\000a\000r\000i\000n\000g\000\040\000P\000D\000F\000\040\000f\000i\000l\000e\000s}{}% 20
\BOOKMARK [2][-]{subsection.10.1}{\376\377\000M\000a\000r\000g\000i\000n\000s\000\040\000i\000n\000\040\000L\000a\000T\000e\000X}{section.10}% 21
\BOOKMARK [1][-]{appendix.A}{\376\377\000T\000e\000c\000h\000n\000i\000c\000a\000l\000\040\000a\000p\000p\000e\000n\000d\000i\000c\000e\000s\000\040\000a\000n\000d\000\040\000s\000u\000p\000p\000l\000e\000m\000e\000n\000t\000a\000r\000y\000\040\000m\000a\000t\000e\000r\000i\000a\000l}{}% 22
